app/build/intermediates/manifest_merge_blame_file/debug/manifest-merger-blame-debug-report.txt
1<?xml version="1.0" encoding="utf-8"?>
2<manifest xmlns:android="http://schemas.android.com/apk/res/android"
3    package="com.ahmad.video_list"
4    android:versionCode="1"
5    android:versionName="1.0" >
6
7    <uses-sdk
8        android:minSdkVersion="16"
8-->src\main\AndroidManifest.xml
9        android:targetSdkVersion="29" />
9-->src\main\AndroidManifest.xml
10
11    <uses-permission android:name="android.permission.INTERNET" />
11-->src\main\AndroidManifest.xml:5:5-67
11-->src\main\AndroidManifest.xml:5:22-64
12    <uses-permission android:name="android.permission.ACCESS_NETWORK_STATE" />
12-->src\main\AndroidManifest.xml:6:5-79
12-->src\main\AndroidManifest.xml:6:22-76
13    <uses-permission android:name="android.permission.ACCESS_WIFI_STATE" />
13-->src\main\AndroidManifest.xml:7:5-76
13-->src\main\AndroidManifest.xml:7:22-73
14
15    <application
15-->src\main\AndroidManifest.xml:9:3-88:17
16        android:allowBackup="true"
16-->src\main\AndroidManifest.xml:10:9-35
17        android:debuggable="true"
18        android:icon="@drawable/image_1"
18-->src\main\AndroidManifest.xml:11:9-41
19        android:label="@string/app_name"
19-->src\main\AndroidManifest.xml:12:9-41
20        android:resizeableActivity="true"
20-->src\main\AndroidManifest.xml:14:3-38
21        android:testOnly="true"
22        android:theme="@style/AppThemea" >
22-->src\main\AndroidManifest.xml:13:9-41
23        <activity android:name="com.ahmad.video_list.Splash" >
23-->src\main\AndroidManifest.xml:15:9-22:20
23-->src\main\AndroidManifest.xml:16:13-35
24            <intent-filter>
24-->src\main\AndroidManifest.xml:17:13-21:29
25                <action android:name="android.intent.action.MAIN" />
25-->src\main\AndroidManifest.xml:18:17-69
25-->src\main\AndroidManifest.xml:18:25-66
26
27                <category android:name="android.intent.category.LAUNCHER" />
27-->src\main\AndroidManifest.xml:20:17-77
27-->src\main\AndroidManifest.xml:20:27-74
28            </intent-filter>
29        </activity>
30        <activity android:name="com.ahmad.video_list.List_pro" />
30-->src\main\AndroidManifest.xml:26:4-27:31
30-->src\main\AndroidManifest.xml:27:5-29
31        <activity android:name="com.ahmad.video_list.Main1Activity" />
31-->src\main\AndroidManifest.xml:30:4-31:36
31-->src\main\AndroidManifest.xml:31:5-34
32        <activity android:name="com.ahmad.video_list.Main2Activity" />
32-->src\main\AndroidManifest.xml:34:4-35:36
32-->src\main\AndroidManifest.xml:35:5-34
33        <activity android:name="com.ahmad.video_list.Main3Activity" />
33-->src\main\AndroidManifest.xml:39:4-40:36
33-->src\main\AndroidManifest.xml:40:5-34
34        <activity android:name="com.ahmad.video_list.Main4Activity" />
34-->src\main\AndroidManifest.xml:44:4-45:36
34-->src\main\AndroidManifest.xml:45:5-34
35        <activity android:name="com.ahmad.video_list.Main5Activity" />
35-->src\main\AndroidManifest.xml:49:4-50:36
35-->src\main\AndroidManifest.xml:50:5-34
36        <activity android:name="com.ahmad.video_list.Main6Activity" />
36-->src\main\AndroidManifest.xml:53:4-54:36
36-->src\main\AndroidManifest.xml:54:5-34
37        <activity android:name="com.ahmad.video_list.Main7Activity" />
37-->src\main\AndroidManifest.xml:58:4-59:36
37-->src\main\AndroidManifest.xml:59:5-34
38        <activity android:name="com.ahmad.video_list.Main8Activity" />
38-->src\main\AndroidManifest.xml:63:4-64:36
38-->src\main\AndroidManifest.xml:64:5-34
39        <activity android:name="com.ahmad.video_list.Main9Activity" />
39-->src\main\AndroidManifest.xml:67:4-68:36
39-->src\main\AndroidManifest.xml:68:5-34
40        <activity android:name="com.ahmad.video_list.Main10Activity" />
40-->src\main\AndroidManifest.xml:71:4-72:37
40-->src\main\AndroidManifest.xml:72:5-35
41        <activity android:name="com.ahmad.video_list.Main11Activity" />
41-->src\main\AndroidManifest.xml:75:4-76:37
41-->src\main\AndroidManifest.xml:76:5-35
42        <activity android:name="com.ahmad.video_list.Privacy_policy" />
42-->src\main\AndroidManifest.xml:81:4-82:37
42-->src\main\AndroidManifest.xml:82:5-35
43
44        <meta-data
44-->[com.android.support:customtabs:26.1.0] AndroidManifest.xml:23:9-25:38
45            android:name="android.support.VERSION"
45-->[com.android.support:customtabs:26.1.0] AndroidManifest.xml:24:13-51
46            android:value="26.1.0" /> <!-- Include the AdActivity and InAppPurchaseActivity configChanges and themes. -->
46-->[com.android.support:customtabs:26.1.0] AndroidManifest.xml:25:13-35
47        <activity
47-->[com.google.android.gms:play-services-ads-lite:15.0.1] AndroidManifest.xml:29:9-33:64
48            android:name="com.google.android.gms.ads.AdActivity"
48-->[com.google.android.gms:play-services-ads-lite:15.0.1] AndroidManifest.xml:30:13-65
49            android:configChanges="keyboard|keyboardHidden|orientation|screenLayout|uiMode|screenSize|smallestScreenSize"
49-->[com.google.android.gms:play-services-ads-lite:15.0.1] AndroidManifest.xml:31:13-122
50            android:exported="false"
50-->[com.google.android.gms:play-services-ads-lite:15.0.1] AndroidManifest.xml:32:13-37
51            android:theme="@android:style/Theme.Translucent" />
51-->[com.google.android.gms:play-services-ads-lite:15.0.1] AndroidManifest.xml:33:13-61
52
53        <meta-data
53-->[com.google.android.gms:play-services-basement:15.0.1] AndroidManifest.xml:23:9-25:69
54            android:name="com.google.android.gms.version"
54-->[com.google.android.gms:play-services-basement:15.0.1] AndroidManifest.xml:24:13-58
55            android:value="@integer/google_play_services_version" />
55-->[com.google.android.gms:play-services-basement:15.0.1] AndroidManifest.xml:25:13-66
56        <meta-data
56-->[android.arch.lifecycle:runtime:1.0.0] AndroidManifest.xml:25:9-27:47
57            android:name="android.arch.lifecycle.VERSION"
57-->[android.arch.lifecycle:runtime:1.0.0] AndroidManifest.xml:26:13-58
58            android:value="27.0.0-SNAPSHOT" />
58-->[android.arch.lifecycle:runtime:1.0.0] AndroidManifest.xml:27:13-44
59    </application>
60
61</manifest>